<?xml version="1.0" encoding="UTF-8"?>
<!-- Generated by org.testng.reporters.JUnitReportReporter -->
<testsuite hostname="DESKTOP-RK8IG6R" failures="0" tests="1" name="Email_verify.Emailverify" time="1.637" errors="0" timestamp="2024-05-12T09:25:45 PDT" skipped="0">
  <testcase classname="Email_verify.Emailverify" name="email_verify" time="1.637"/>
  <system-out/>
</testsuite> <!-- Email_verify.Emailverify -->
